[22:34:49] [main/INFO]: Environment: authHost='https://authserver.mojang.com', accountsHost='https://api.mojang.com', sessionHost='https://sessionserver.mojang.com', servicesHost='https://api.minecraftservices.com', name='PROD'
[22:34:49] [main/INFO]: Found new data pack file/bukkit, loading it automatically
[22:34:50] [main/INFO]: Reloading ResourceManager: Default, bukkit
[22:34:52] [Worker-Main-9/INFO]: Loaded 7 recipes
[22:34:55] [Server thread/INFO]: Starting minecraft server version 1.16.4
[22:34:55] [Server thread/INFO]: Loading properties
[22:34:55] [Server thread/INFO]: This server is running CraftBukkit version git-Spigot-37d799b-3eb7236 (MC: 1.16.4) (Implementing API version 1.16.4-R0.1-SNAPSHOT)
[22:34:55] [Server thread/INFO]: Server Ping Player Sample Count: 12
[22:34:55] [Server thread/INFO]: Using 4 threads for Netty based IO
[22:34:55] [Server thread/INFO]: Debug logging is disabled
[22:34:55] [Server thread/INFO]: Default game type: SURVIVAL
[22:34:55] [Server thread/INFO]: Generating keypair
[22:34:56] [Server thread/INFO]: Starting Minecraft server on *:25565
[22:34:56] [Server thread/INFO]: Using epoll channel type
[22:34:57] [Server thread/INFO]: Preparing level "world"
[22:34:57] [Server thread/INFO]: -------- World Settings For [world] --------
[22:34:57] [Server thread/INFO]: Experience Merge Radius: 3.0
[22:34:57] [Server thread/INFO]: Mob Spawn Range: 6
[22:34:57] [Server thread/INFO]: Cactus Growth Modifier: 100%
[22:34:57] [Server thread/INFO]: Cane Growth Modifier: 100%
[22:34:57] [Server thread/INFO]: Melon Growth Modifier: 100%
[22:34:57] [Server thread/INFO]: Mushroom Growth Modifier: 100%
[22:34:57] [Server thread/INFO]: Pumpkin Growth Modifier: 100%
[22:34:57] [Server thread/INFO]: Sapling Growth Modifier: 100%
[22:34:57] [Server thread/INFO]: Beetroot Growth Modifier: 100%
[22:34:57] [Server thread/INFO]: Carrot Growth Modifier: 100%
[22:34:57] [Server thread/INFO]: Potato Growth Modifier: 100%
[22:34:57] [Server thread/INFO]: Wheat Growth Modifier: 100%
[22:34:57] [Server thread/INFO]: NetherWart Growth Modifier: 100%
[22:34:57] [Server thread/INFO]: Vine Growth Modifier: 100%
[22:34:57] [Server thread/INFO]: Cocoa Growth Modifier: 100%
[22:34:57] [Server thread/INFO]: Bamboo Growth Modifier: 100%
[22:34:57] [Server thread/INFO]: SweetBerry Growth Modifier: 100%
[22:34:57] [Server thread/INFO]: Kelp Growth Modifier: 100%
[22:34:57] [Server thread/INFO]: Entity Activation Range: An 32 / Mo 32 / Ra 48 / Mi 16 / Tiv true
[22:34:57] [Server thread/INFO]: Hopper Transfer: 8 Hopper Check: 1 Hopper Amount: 1
[22:34:57] [Server thread/INFO]: Custom Map Seeds:  Village: 10387312 Desert: 14357617 Igloo: 14357618 Jungle: 14357619 Swamp: 14357620 Monument: 10387313 Ocean: 14357621 Shipwreck: 165745295 End City: 10387313 Slime: 987234911 Bastion: 30084232 Fortress: 30084232 Mansion: 10387319 Fossil: 14357921 Portal: 34222645
[22:34:57] [Server thread/INFO]: Max TNT Explosions: 100
[22:34:57] [Server thread/INFO]: Tile Max Tick Time: 50ms Entity max Tick Time: 50ms
[22:34:57] [Server thread/INFO]: Entity Tracking Range: Pl 48 / An 48 / Mo 48 / Mi 32 / Other 64
[22:34:57] [Server thread/INFO]: Allow Zombie Pigmen to spawn from portal blocks: true
[22:34:57] [Server thread/INFO]: View Distance: 10
[22:34:57] [Server thread/INFO]: Item Despawn Rate: 6000
[22:34:57] [Server thread/INFO]: Item Merge Radius: 2.5
[22:34:57] [Server thread/INFO]: Arrow Despawn Rate: 1200 Trident Respawn Rate:1200
[22:34:57] [Server thread/INFO]: Zombie Aggressive Towards Villager: true
[22:34:57] [Server thread/INFO]: Nerfing mobs spawned from spawners: false
